Traceback (most recent call last):
  File "/Users/igorganapolsky/workspace/git/igor/Resume/rag/cli.py", line 1682, in <module>
    main()
    ~~~~^^
  File "/Users/igorganapolsky/workspace/git/igor/Resume/rag/cli.py", line 1637, in main
    build(
    ~~~~~^
        dist_mode=args.dist_mode,
        ^^^^^^^^^^^^^^^^^^^^^^^^^
        dist_backend=args.dist_backend,
        ^^^^^^^^^^^^^^^^^^^^^^^^^^^^^^^
        world_size=args.world_size,
        ^^^^^^^^^^^^^^^^^^^^^^^^^^^
    )
    ^
  File "/Users/igorganapolsky/workspace/git/igor/Resume/rag/cli.py", line 996, in build
    _index_records_in_lancedb(records)
    ~~~~~~~~~~~~~~~~~~~~~~~~~^^^^^^^^^
  File "/Users/igorganapolsky/workspace/git/igor/Resume/rag/cli.py", line 649, in _index_records_in_lancedb
    db = lancedb.connect(str(LANCEDB_DIR))
         ^^^^^^^^^^^^^^^
AttributeError: module 'lancedb' has no attribute 'connect'
